<?xml version="1.0" encoding="UTF-8"?>
<testng-results ignored="0" total="1" passed="1" failed="0" skipped="0">
  <reporter-output>
  </reporter-output>
  <suite started-at="2025-06-09T15:00:47 IST" name="com.saucedemo.test.LoginTest" finished-at="2025-06-09T15:01:17 IST" duration-ms="29955">
    <groups>
    </groups>
    <test started-at="2025-06-09T15:00:47 IST" name="Command line test" finished-at="2025-06-09T15:01:17 IST" duration-ms="29955">
      <class name="com.saucedemo.test.LoginTest">
        <test-method is-config="true" signature="setup()[pri:0, instance:com.saucedemo.test.LoginTest@7494f96a]" started-at="2025-06-09T15:00:47 IST" name="setup" finished-at="2025-06-09T15:01:13 IST" duration-ms="25452" status="PASS">
          <reporter-output>
          </reporter-output>
        </test-method> <!-- setup -->
        <test-method signature="loginToSauceDemo()[pri:0, instance:com.saucedemo.test.LoginTest@7494f96a]" started-at="2025-06-09T15:01:13 IST" name="loginToSauceDemo" finished-at="2025-06-09T15:01:16 IST" duration-ms="2667" status="PASS">
          <reporter-output>
          </reporter-output>
        </test-method> <!-- loginToSauceDemo -->
        <test-method is-config="true" signature="tearDown()[pri:0, instance:com.saucedemo.test.LoginTest@7494f96a]" started-at="2025-06-09T15:01:16 IST" name="tearDown" finished-at="2025-06-09T15:01:17 IST" duration-ms="1778" status="PASS">
          <reporter-output>
          </reporter-output>
        </test-method> <!-- tearDown -->
      </class> <!-- com.saucedemo.test.LoginTest -->
    </test> <!-- Command line test -->
  </suite> <!-- com.saucedemo.test.LoginTest -->
</testng-results>
